<?xml version="1.0" encoding="UTF-8"?>
<testsuite name="censusanalyser.CensusAnalyserTest" tests="1" skipped="0" failures="0" errors="0" timestamp="2022-06-30T07:35:11" hostname="dell-Latitude-7280" time="0.201">
  <properties/>
  <testcase name="givenIndiaStateCodeCSVFile_ShouldReturnsCorrectRecords" classname="censusanalyser.CensusAnalyserTest" time="0.201"/>
  <system-out><![CDATA[]]></system-out>
  <system-err><![CDATA[]]></system-err>
</testsuite>
