<?xml version="1.0" encoding="UTF-8"?>
<testsuite name="censusanalyser.CensusAnalyserTest" tests="1" skipped="0" failures="0" errors="0" timestamp="2022-06-30T07:55:18" hostname="dell-Latitude-7280" time="0.004">
  <properties/>
  <testcase name="givenIndiaStateCodeData_WithWrongType_ShouldThrowException" classname="censusanalyser.CensusAnalyserTest" time="0.004"/>
  <system-out><![CDATA[]]></system-out>
  <system-err><![CDATA[]]></system-err>
</testsuite>
