<?xml version="1.0" encoding="UTF-8"?>
<testsuite name="censusanalyser.CensusAnalyserTest" tests="1" skipped="0" failures="0" errors="0" timestamp="2022-06-28T01:29:12" hostname="dell-Latitude-7280" time="0.146">
  <properties/>
  <testcase name="givenIndianCensusCSVFileReturnsCorrectRecords" classname="censusanalyser.CensusAnalyserTest" time="0.146"/>
  <system-out><![CDATA[]]></system-out>
  <system-err><![CDATA[]]></system-err>
</testsuite>
